<?xml version="1.0" encoding="utf-8"?><testsuites><testsuite name="pytest" errors="0" failures="0" skipped="0" tests="1" time="0.059" timestamp="2023-12-03T10:48:55.333083" hostname="AsusROGStrix"><testcase classname="tests.test_my_functions" name="test_add" file="tests\test_my_functions.py" line="3" time="0.001"><system-out>--------------------------------- Captured Log ---------------------------------

--------------------------------- Captured Out ---------------------------------

</system-out><system-err>--------------------------------- Captured Err ---------------------------------

</system-err></testcase></testsuite></testsuites>